2024-06-11 17:34:00,720 INFO o.a.j.u.JMeterUtils: Setting Locale to en_EN
2024-06-11 17:34:00,752 INFO o.a.j.JMeter: Loading user properties from: C:\Users\User\Downloads\apache-jmeter-5.6.3\bin\user.properties
2024-06-11 17:34:00,753 INFO o.a.j.JMeter: Loading system properties from: C:\Users\User\Downloads\apache-jmeter-5.6.3\bin\system.properties
2024-06-11 17:34:00,765 INFO o.a.j.JMeter: Copyright (c) 1998-2024 The Apache Software Foundation
2024-06-11 17:34:00,766 INFO o.a.j.JMeter: Version 5.6.3
2024-06-11 17:34:00,766 INFO o.a.j.JMeter: java.version=17.0.10
2024-06-11 17:34:00,766 INFO o.a.j.JMeter: java.vm.name=Java HotSpot(TM) 64-Bit Server VM
2024-06-11 17:34:00,766 INFO o.a.j.JMeter: os.name=Windows 10
2024-06-11 17:34:00,766 INFO o.a.j.JMeter: os.arch=amd64
2024-06-11 17:34:00,767 INFO o.a.j.JMeter: os.version=10.0
2024-06-11 17:34:00,767 INFO o.a.j.JMeter: file.encoding=Cp1252
2024-06-11 17:34:00,767 INFO o.a.j.JMeter: java.awt.headless=true
2024-06-11 17:34:00,767 INFO o.a.j.JMeter: Max memory     =1073741824
2024-06-11 17:34:00,767 INFO o.a.j.JMeter: Available Processors =8
2024-06-11 17:34:00,780 INFO o.a.j.JMeter: Default Locale=English (EN)
2024-06-11 17:34:00,781 INFO o.a.j.JMeter: JMeter  Locale=English (EN)
2024-06-11 17:34:00,781 INFO o.a.j.JMeter: JMeterHome=C:\Users\User\Downloads\apache-jmeter-5.6.3
2024-06-11 17:34:00,781 INFO o.a.j.JMeter: user.dir  =C:\Users\User\Downloads\apache-jmeter-5.6.3\bin\Performance Testing\Jmeter assignment part 2
2024-06-11 17:34:00,782 INFO o.a.j.JMeter: PWD       =C:\Users\User\Downloads\apache-jmeter-5.6.3\bin\Performance Testing\Jmeter assignment part 2
2024-06-11 17:34:00,783 INFO o.a.j.JMeter: IP: 192.168.0.197 Name: DESKTOP-PA781K2 FullName: host.docker.internal
2024-06-11 17:34:00,806 INFO o.a.j.JMeter: Setting property 'jmeter.reportgenerator.outputdir' to:'C:\Users\User\Downloads\apache-jmeter-5.6.3\bin\Performance Testing\Jmeter assignment part 2\Reports'
2024-06-11 17:34:00,810 INFO o.a.j.s.FileServer: Default base='C:\Users\User\Downloads\apache-jmeter-5.6.3\bin\Performance Testing\Jmeter assignment part 2'
2024-06-11 17:34:00,813 INFO o.a.j.s.FileServer: Set new base='C:\Users\User\Downloads\apache-jmeter-5.6.3\bin\Performance Testing\Jmeter assignment part 2\.'
2024-06-11 17:34:01,076 INFO o.a.j.s.SaveService: Testplan (JMX) version: 2.2. Testlog (JTL) version: 2.2
2024-06-11 17:34:01,114 INFO o.a.j.s.SaveService: Using SaveService properties version 5.0
2024-06-11 17:34:01,119 INFO o.a.j.s.SaveService: Using SaveService properties file encoding UTF-8
2024-06-11 17:34:01,122 INFO o.a.j.s.SaveService: Loading file: .\Jmeter_Assignment_2.jmx
2024-06-11 17:34:01,205 INFO o.a.j.p.h.s.HTTPSamplerBase: Parser for text/html is org.apache.jmeter.protocol.http.parser.LagartoBasedHtmlParser
2024-06-11 17:34:01,205 INFO o.a.j.p.h.s.HTTPSamplerBase: Parser for application/xhtml+xml is org.apache.jmeter.protocol.http.parser.LagartoBasedHtmlParser
2024-06-11 17:34:01,205 INFO o.a.j.p.h.s.HTTPSamplerBase: Parser for application/xml is org.apache.jmeter.protocol.http.parser.LagartoBasedHtmlParser
2024-06-11 17:34:01,205 INFO o.a.j.p.h.s.HTTPSamplerBase: Parser for text/xml is org.apache.jmeter.protocol.http.parser.LagartoBasedHtmlParser
2024-06-11 17:34:01,205 INFO o.a.j.p.h.s.HTTPSamplerBase: Parser for text/vnd.wap.wml is org.apache.jmeter.protocol.http.parser.RegexpHTMLParser
2024-06-11 17:34:01,205 INFO o.a.j.p.h.s.HTTPSamplerBase: Parser for text/css is org.apache.jmeter.protocol.http.parser.CssParser
2024-06-11 17:34:01,257 INFO o.a.j.JMeter: Creating summariser <summary>
2024-06-11 17:34:01,261 INFO o.a.j.r.d.ReportGenerator: ReportGenerator will use for Parsing the separator: ','
2024-06-11 17:34:01,261 INFO o.a.j.r.d.ReportGenerator: Will generate report at end of test from  results file: .\Jmeter_Assignment_2.jtl
2024-06-11 17:34:01,262 INFO o.a.j.r.d.ReportGenerator: Reading report generator properties from: C:\Users\User\Downloads\apache-jmeter-5.6.3\bin\reportgenerator.properties
2024-06-11 17:34:01,263 INFO o.a.j.r.d.ReportGenerator: Merging with JMeter properties
2024-06-11 17:34:01,268 INFO o.a.j.r.c.ReportGeneratorConfiguration: Property 'jmeter.reportgenerator.temp_dir' not found, using default value 'temp' instead.
2024-06-11 17:34:01,272 INFO o.a.j.r.c.ReportGeneratorConfiguration: Property 'jmeter.reportgenerator.apdex_per_transaction' not found, using default value 'null' instead.
2024-06-11 17:34:01,272 INFO o.a.j.r.c.ReportGeneratorConfiguration: apdex_per_transaction is empty, not APDEX per transaction customization
2024-06-11 17:34:01,272 INFO o.a.j.r.c.ReportGeneratorConfiguration: Property 'jmeter.reportgenerator.sample_filter' not found, using default value 'null' instead.
2024-06-11 17:34:01,272 INFO o.a.j.r.c.ReportGeneratorConfiguration: Property 'jmeter.reportgenerator.report_title' not found, using default value 'null' instead.
2024-06-11 17:34:01,272 INFO o.a.j.r.c.ReportGeneratorConfiguration: Property 'jmeter.reportgenerator.start_date' not found, using default value 'null' instead.
2024-06-11 17:34:01,272 INFO o.a.j.r.c.ReportGeneratorConfiguration: Property 'jmeter.reportgenerator.end_date' not found, using default value 'null' instead.
2024-06-11 17:34:01,272 INFO o.a.j.r.c.ReportGeneratorConfiguration: Property 'jmeter.reportgenerator.date_format' not found, using default value 'null' instead.
2024-06-11 17:34:01,273 INFO o.a.j.r.c.ReportGeneratorConfiguration: Will use date range start date: null, end date: null
2024-06-11 17:34:01,279 INFO o.a.j.r.c.ReportGeneratorConfiguration: Property 'jmeter.reportgenerator.graph.totalTPS.exclude_controllers' not found, using default value 'false' instead.
2024-06-11 17:34:01,279 INFO o.a.j.r.c.ReportGeneratorConfiguration: Property 'jmeter.reportgenerator.graph.activeThreadsOverTime.exclude_controllers' not found, using default value 'false' instead.
2024-06-11 17:34:01,279 INFO o.a.j.r.c.ReportGeneratorConfiguration: Property 'jmeter.reportgenerator.graph.timeVsThreads.exclude_controllers' not found, using default value 'false' instead.
2024-06-11 17:34:01,279 INFO o.a.j.r.c.ReportGeneratorConfiguration: Property 'jmeter.reportgenerator.graph.responseTimeDistribution.exclude_controllers' not found, using default value 'false' instead.
2024-06-11 17:34:01,279 INFO o.a.j.r.c.ReportGeneratorConfiguration: Property 'jmeter.reportgenerator.graph.transactionsPerSecond.exclude_controllers' not found, using default value 'false' instead.
2024-06-11 17:34:01,280 INFO o.a.j.r.c.ReportGeneratorConfiguration: Property 'jmeter.reportgenerator.graph.responseTimePercentiles.exclude_controllers' not found, using default value 'false' instead.
2024-06-11 17:34:01,280 INFO o.a.j.r.c.ReportGeneratorConfiguration: Property 'jmeter.reportgenerator.graph.responseTimePercentilesOverTime.exclude_controllers' not found, using default value 'false' instead.
2024-06-11 17:34:01,280 INFO o.a.j.r.c.ReportGeneratorConfiguration: Property 'jmeter.reportgenerator.graph.responseTimesOverTime.exclude_controllers' not found, using default value 'false' instead.
2024-06-11 17:34:01,280 INFO o.a.j.r.c.ReportGeneratorConfiguration: Property 'jmeter.reportgenerator.graph.connectTimeOverTime.exclude_controllers' not found, using default value 'false' instead.
2024-06-11 17:34:01,280 INFO o.a.j.r.c.ReportGeneratorConfiguration: Property 'jmeter.reportgenerator.graph.latenciesOverTime.exclude_controllers' not found, using default value 'false' instead.
2024-06-11 17:34:01,282 INFO o.a.j.r.c.ReportGeneratorConfiguration: Property 'jmeter.reportgenerator.exporter.json.filters_only_sample_series' not found, using default value 'true' instead.
2024-06-11 17:34:01,282 INFO o.a.j.r.c.ReportGeneratorConfiguration: Property 'jmeter.reportgenerator.exporter.json.series_filter' not found, using default value '' instead.
2024-06-11 17:34:01,282 INFO o.a.j.r.c.ReportGeneratorConfiguration: Property 'jmeter.reportgenerator.exporter.json.show_controllers_only' not found, using default value 'false' instead.
2024-06-11 17:34:01,283 INFO o.a.j.r.c.ReportGeneratorConfiguration: Property 'jmeter.reportgenerator.exporter.html.filters_only_sample_series' not found, using default value 'true' instead.
2024-06-11 17:34:01,283 INFO o.a.j.r.c.ReportGeneratorConfiguration: Property 'jmeter.reportgenerator.exporter.html.series_filter' not found, using default value '' instead.
2024-06-11 17:34:01,283 INFO o.a.j.r.c.ReportGeneratorConfiguration: Property 'jmeter.reportgenerator.exporter.html.show_controllers_only' not found, using default value 'false' instead.
2024-06-11 17:34:01,301 INFO o.a.j.e.StandardJMeterEngine: Running the test!
2024-06-11 17:34:01,302 INFO o.a.j.s.SampleEvent: List of sample_variables: []
2024-06-11 17:34:01,302 INFO o.a.j.s.SampleEvent: List of sample_variables: []
2024-06-11 17:34:01,307 INFO o.a.j.e.u.CompoundVariable: Note: Function class names must contain the string: '.functions.'
2024-06-11 17:34:01,307 INFO o.a.j.e.u.CompoundVariable: Note: Function class names must not contain the string: '.gui.'
2024-06-11 17:34:01,421 INFO o.a.j.JMeter: Running test (1718105641421)
2024-06-11 17:34:01,443 INFO o.a.j.e.StandardJMeterEngine: Starting ThreadGroup: 1 : Thread Group
2024-06-11 17:34:01,443 INFO o.a.j.e.StandardJMeterEngine: Starting 1 threads for group Thread Group.
2024-06-11 17:34:01,443 INFO o.a.j.e.StandardJMeterEngine: Thread will continue on error
2024-06-11 17:34:01,443 INFO o.a.j.t.ThreadGroup: Starting thread group... number=1 threads=1 ramp-up=1 delayedStart=false
2024-06-11 17:34:01,451 INFO o.a.j.t.ThreadGroup: Started thread group number 1
2024-06-11 17:34:01,451 INFO o.a.j.e.StandardJMeterEngine: All thread groups have been started
2024-06-11 17:34:01,453 INFO o.a.j.t.JMeterThread: Thread started: Thread Group 1-1
2024-06-11 17:34:03,519 INFO o.a.j.p.h.s.HTTPHCAbstractImpl: Local host = DESKTOP-PA781K2
2024-06-11 17:34:03,525 INFO o.a.j.p.h.s.HTTPHC4Impl: HTTP request retry count = 0
2024-06-11 17:34:03,528 INFO o.a.j.s.SampleResult: Note: Sample TimeStamps are START times
2024-06-11 17:34:03,528 INFO o.a.j.s.SampleResult: sampleresult.default.encoding is set to UTF-8
2024-06-11 17:34:03,528 INFO o.a.j.s.SampleResult: sampleresult.useNanoTime=true
2024-06-11 17:34:03,528 INFO o.a.j.s.SampleResult: sampleresult.nanoThreadSleep=5000
2024-06-11 17:34:03,667 INFO o.a.j.p.h.s.h.LazyLayeredConnectionSocketFactory: Setting up HTTPS TrustAll Socket Factory
2024-06-11 17:34:03,676 INFO o.a.j.u.JsseSSLManager: Using default SSL protocol: TLS
2024-06-11 17:34:03,676 INFO o.a.j.u.JsseSSLManager: SSL session context: per-thread
2024-06-11 17:34:03,800 INFO o.a.j.u.SSLManager: JmeterKeyStore Location:  type JKS
2024-06-11 17:34:03,806 INFO o.a.j.u.SSLManager: KeyStore created OK
2024-06-11 17:34:03,806 WARN o.a.j.u.SSLManager: Keystore file not found, loading empty keystore
2024-06-11 17:34:04,191 INFO o.a.j.r.Summariser: summary +      1 in 00:00:03 =    0.4/s Avg:   506 Min:   506 Max:   506 Err:     0 (0.00%) Active: 1 Started: 1 Finished: 0
2024-06-11 17:34:20,539 INFO o.a.j.t.JMeterThread: Thread is done: Thread Group 1-1
2024-06-11 17:34:20,539 INFO o.a.j.t.JMeterThread: Thread finished: Thread Group 1-1
2024-06-11 17:34:20,543 INFO o.a.j.e.StandardJMeterEngine: Notifying test listeners of end of test
2024-06-11 17:34:20,544 INFO o.a.j.r.Summariser: summary +      8 in 00:00:16 =    0.5/s Avg:    34 Min:    24 Max:    47 Err:     0 (0.00%) Active: 0 Started: 1 Finished: 1
2024-06-11 17:34:20,544 INFO o.a.j.r.Summariser: summary =      9 in 00:00:19 =    0.5/s Avg:    87 Min:    24 Max:   506 Err:     0 (0.00%)
2024-06-11 17:34:20,545 INFO o.a.j.JMeter: Generating Dashboard
2024-06-11 17:34:20,545 INFO o.a.j.r.d.ReportGenerator: Flushing result collector before report Generation
2024-06-11 17:34:20,555 INFO o.a.j.r.p.NormalizerSampleConsumer: Using format, 'ms', to parse timeStamp field
2024-06-11 17:34:20,625 INFO o.a.j.r.p.AbstractSampleConsumer: class org.apache.jmeter.report.processor.AggregateConsumer#stopProducing(): beginDate produced 0 samples
2024-06-11 17:34:20,625 INFO o.a.j.r.p.AbstractSampleConsumer: class org.apache.jmeter.report.processor.AggregateConsumer#stopProducing(): endDate produced 0 samples
2024-06-11 17:34:20,628 INFO o.a.j.r.p.AbstractSampleConsumer: class org.apache.jmeter.report.processor.ApdexSummaryConsumer#stopProducing(): apdexSummary produced 0 samples
2024-06-11 17:34:20,628 INFO o.a.j.r.p.AbstractSampleConsumer: class org.apache.jmeter.report.processor.RequestsSummaryConsumer#stopProducing(): requestsSummary produced 0 samples
2024-06-11 17:34:20,637 INFO o.a.j.r.p.AbstractSampleConsumer: class org.apache.jmeter.report.processor.StatisticsSummaryConsumer#stopProducing(): statisticsSummary produced 0 samples
2024-06-11 17:34:20,640 INFO o.a.j.r.p.AbstractSampleConsumer: class org.apache.jmeter.report.processor.Top5ErrorsBySamplerConsumer#stopProducing(): top5ErrorsBySampler produced 0 samples
2024-06-11 17:34:20,640 INFO o.a.j.r.p.AbstractSampleConsumer: class org.apache.jmeter.report.processor.ErrorsSummaryConsumer#stopProducing(): errorsSummary produced 0 samples
2024-06-11 17:34:20,640 INFO o.a.j.r.p.AbstractSampleConsumer: class org.apache.jmeter.report.processor.graph.impl.HitsPerSecondGraphConsumer#stopProducing(): hitsPerSecond produced 0 samples
2024-06-11 17:34:20,658 INFO o.a.j.r.p.AbstractSampleConsumer: class org.apache.jmeter.report.processor.graph.impl.LatencyVSRequestGraphConsumer#stopProducing(): latencyVsRequest produced 0 samples
2024-06-11 17:34:20,658 INFO o.a.j.r.p.AbstractSampleConsumer: class org.apache.jmeter.report.processor.graph.impl.SyntheticResponseTimeDistributionGraphConsumer#stopProducing(): syntheticResponseTimeDistribution produced 0 samples
2024-06-11 17:34:20,659 INFO o.a.j.r.p.AbstractSampleConsumer: class org.apache.jmeter.report.processor.graph.impl.BytesThroughputGraphConsumer#stopProducing(): bytesThroughputOverTime produced 0 samples
2024-06-11 17:34:20,659 INFO o.a.j.r.p.AbstractSampleConsumer: class org.apache.jmeter.report.processor.graph.impl.CodesPerSecondGraphConsumer#stopProducing(): codesPerSecond produced 0 samples
2024-06-11 17:34:20,662 INFO o.a.j.r.p.AbstractSampleConsumer: class org.apache.jmeter.report.processor.graph.impl.ResponseTimeVSRequestGraphConsumer#stopProducing(): responseTimeVsRequest produced 0 samples
2024-06-11 17:34:20,663 INFO o.a.j.r.p.AbstractSampleConsumer: class org.apache.jmeter.report.processor.FilterConsumer#stopProducing(): startIntervalControlerFilter produced 63 samples
2024-06-11 17:34:20,663 INFO o.a.j.r.p.AbstractSampleConsumer: class org.apache.jmeter.report.processor.graph.impl.TotalTPSGraphConsumer#stopProducing(): totalTPS produced 0 samples
2024-06-11 17:34:20,663 INFO o.a.j.r.p.AbstractSampleConsumer: class org.apache.jmeter.report.processor.graph.impl.ActiveThreadsGraphConsumer#stopProducing(): activeThreadsOverTime produced 0 samples
2024-06-11 17:34:20,663 INFO o.a.j.r.p.AbstractSampleConsumer: class org.apache.jmeter.report.processor.graph.impl.TimeVSThreadGraphConsumer#stopProducing(): timeVsThreads produced 0 samples
2024-06-11 17:34:20,663 INFO o.a.j.r.p.AbstractSampleConsumer: class org.apache.jmeter.report.processor.graph.impl.ResponseTimeDistributionGraphConsumer#stopProducing(): responseTimeDistribution produced 0 samples
2024-06-11 17:34:20,663 INFO o.a.j.r.p.AbstractSampleConsumer: class org.apache.jmeter.report.processor.graph.impl.TransactionsPerSecondGraphConsumer#stopProducing(): transactionsPerSecond produced 0 samples
2024-06-11 17:34:20,663 INFO o.a.j.r.p.AbstractSampleConsumer: class org.apache.jmeter.report.processor.graph.impl.ResponseTimePercentilesGraphConsumer#stopProducing(): responseTimePercentiles produced 0 samples
2024-06-11 17:34:20,665 INFO o.a.j.r.p.AbstractSampleConsumer: class org.apache.jmeter.report.processor.graph.impl.ResponseTimePercentilesOverTimeGraphConsumer#stopProducing(): responseTimePercentilesOverTime produced 0 samples
2024-06-11 17:34:20,666 INFO o.a.j.r.p.AbstractSampleConsumer: class org.apache.jmeter.report.processor.graph.impl.ResponseTimeOverTimeGraphConsumer#stopProducing(): responseTimesOverTime produced 0 samples
2024-06-11 17:34:20,666 INFO o.a.j.r.p.AbstractSampleConsumer: class org.apache.jmeter.report.processor.graph.impl.ConnectTimeOverTimeGraphConsumer#stopProducing(): connectTimeOverTime produced 0 samples
2024-06-11 17:34:20,666 INFO o.a.j.r.p.AbstractSampleConsumer: class org.apache.jmeter.report.processor.graph.impl.LatencyOverTimeGraphConsumer#stopProducing(): latenciesOverTime produced 0 samples
2024-06-11 17:34:20,666 INFO o.a.j.r.p.AbstractSampleConsumer: class org.apache.jmeter.report.processor.FilterConsumer#stopProducing(): nameFilter produced 135 samples
2024-06-11 17:34:20,666 INFO o.a.j.r.p.AbstractSampleConsumer: class org.apache.jmeter.report.processor.FilterConsumer#stopProducing(): dateRangeFilter produced 27 samples
2024-06-11 17:34:20,666 INFO o.a.j.r.p.AbstractSampleConsumer: class org.apache.jmeter.report.processor.NormalizerSampleConsumer#stopProducing(): normalizer produced 9 samples
2024-06-11 17:34:20,667 INFO o.a.j.r.p.CsvFileSampleSource: produce(): 9 samples produced in 82ms on channel 0
2024-06-11 17:34:20,667 INFO o.a.j.r.d.ReportGenerator: Exporting data using exporter:'json' of className:'org.apache.jmeter.report.dashboard.JsonExporter'
2024-06-11 17:34:20,778 INFO o.a.j.r.d.JsonExporter: Found data for consumer statisticsSummary in context
2024-06-11 17:34:20,779 INFO o.a.j.r.d.JsonExporter: Creating statistics for overall
2024-06-11 17:34:20,780 INFO o.a.j.r.d.JsonExporter: Creating statistics for other transactions
2024-06-11 17:34:20,780 INFO o.a.j.r.d.JsonExporter: Checking output folder
2024-06-11 17:34:20,781 INFO o.a.j.r.d.JsonExporter: Writing statistics JSON to C:\Users\User\Downloads\apache-jmeter-5.6.3\bin\Performance Testing\Jmeter assignment part 2\Reports\statistics.json
2024-06-11 17:34:20,829 INFO o.a.j.r.d.ReportGenerator: Exporting data using exporter:'html' of className:'org.apache.jmeter.report.dashboard.HtmlTemplateExporter'
2024-06-11 17:34:20,832 INFO o.a.j.r.d.HtmlTemplateExporter: Will generate dashboard in folder: C:\Users\User\Downloads\apache-jmeter-5.6.3\bin\Performance Testing\Jmeter assignment part 2\Reports
2024-06-11 17:34:21,022 INFO o.a.j.r.d.HtmlTemplateExporter: Report will be generated in: C:\Users\User\Downloads\apache-jmeter-5.6.3\bin\Performance Testing\Jmeter assignment part 2\Reports, creating folder structure
2024-06-11 17:34:21,025 INFO o.a.j.r.d.TemplateVisitor: Copying folder from 'C:\Users\User\Downloads\apache-jmeter-5.6.3\bin\report-template' to 'C:\Users\User\Downloads\apache-jmeter-5.6.3\bin\Performance Testing\Jmeter assignment part 2\Reports', got message: C:\Users\User\Downloads\apache-jmeter-5.6.3\bin\Performance Testing\Jmeter assignment part 2\Reports, found non empty folder with following content [C:\Users\User\Downloads\apache-jmeter-5.6.3\bin\Performance Testing\Jmeter assignment part 2\Reports\statistics.json], will be ignored
2024-06-11 17:34:21,530 INFO o.a.j.JMeter: Dashboard generated
